<?xml version="1.0" encoding="UTF-8"?>
<!-- Generated by org.testng.reporters.JUnitXMLReporter -->
<testsuite hostname="LAPTOP-BHQN5RRL" name="CRM Test" tests="4" failures="0" timestamp="1 May 2019 08:26:07 GMT" time="316.321" errors="0">
  <testcase name="validateTitle" time="0.025" classname="com.test.Logintest"/>
  <testcase name="validateLogin" time="5.436" classname="com.test.Logintest"/>
  <testcase name="verifyHomePageTitleTest" time="0.008" classname="com.test.HomePageTest"/>
  <testcase name="clickOnContactsLinkTest" time="7.224" classname="com.test.HomePageTest"/>
</testsuite> <!-- CRM Test -->
